{"/home/yxd/projects/nest/apexglobal-technical-test/src/application/use-cases/product.use-case.ts": {"path":"/home/yxd/projects/nest/apexglobal-technical-test/src/application/use-cases/product.use-case.ts","statementMap":{"0":{"start":{"line":1,"column":0},"end":{"line":1,"column":40}},"1":{"start":{"line":8,"column":0},"end":{"line":38,"column":null}},"2":{"start":{"line":11,"column":21},"end":{"line":11,"column":57}},"3":{"start":{"line":15,"column":4},"end":{"line":15,"column":50}},"4":{"start":{"line":21,"column":4},"end":{"line":21,"column":64}},"5":{"start":{"line":25,"column":4},"end":{"line":25,"column":53}},"6":{"start":{"line":32,"column":4},"end":{"line":32,"column":61}},"7":{"start":{"line":36,"column":4},"end":{"line":36,"column":52}},"8":{"start":{"line":8,"column":13},"end":{"line":8,"column":27}},"9":{"start":{"line":8,"column":13},"end":{"line":38,"column":null}}},"fnMap":{"0":{"name":"(anonymous_4)","decl":{"start":{"line":9,"column":2},"end":{"line":9,"column":null}},"loc":{"start":{"line":11,"column":57},"end":{"line":12,"column":6}}},"1":{"name":"(anonymous_5)","decl":{"start":{"line":14,"column":2},"end":{"line":14,"column":7}},"loc":{"start":{"line":14,"column":31},"end":{"line":16,"column":3}}},"2":{"name":"(anonymous_6)","decl":{"start":{"line":18,"column":2},"end":{"line":18,"column":7}},"loc":{"start":{"line":19,"column":46},"end":{"line":22,"column":3}}},"3":{"name":"(anonymous_7)","decl":{"start":{"line":24,"column":2},"end":{"line":24,"column":7}},"loc":{"start":{"line":24,"column":33},"end":{"line":26,"column":3}}},"4":{"name":"(anonymous_8)","decl":{"start":{"line":28,"column":2},"end":{"line":28,"column":7}},"loc":{"start":{"line":30,"column":29},"end":{"line":33,"column":3}}},"5":{"name":"(anonymous_9)","decl":{"start":{"line":35,"column":2},"end":{"line":35,"column":7}},"loc":{"start":{"line":35,"column":32},"end":{"line":37,"column":3}}}},"branchMap":{},"s":{"0":1,"1":1,"2":14,"3":15,"4":2,"5":22,"6":1,"7":1,"8":1,"9":1},"f":{"0":14,"1":15,"2":2,"3":22,"4":1,"5":1},"b":{}}
,"/home/yxd/projects/nest/apexglobal-technical-test/src/domain/entities/product.entity.ts": {"path":"/home/yxd/projects/nest/apexglobal-technical-test/src/domain/entities/product.entity.ts","statementMap":{"0":{"start":{"line":35,"column":4},"end":{"line":35,"column":31}},"1":{"start":{"line":36,"column":4},"end":{"line":36,"column":21}},"2":{"start":{"line":37,"column":4},"end":{"line":37,"column":35}},"3":{"start":{"line":38,"column":4},"end":{"line":38,"column":23}},"4":{"start":{"line":39,"column":4},"end":{"line":39,"column":23}},"5":{"start":{"line":40,"column":4},"end":{"line":40,"column":32}},"6":{"start":{"line":41,"column":4},"end":{"line":41,"column":32}},"7":{"start":{"line":11,"column":0},"end":{"line":11,"column":13}}},"fnMap":{"0":{"name":"(anonymous_0)","decl":{"start":{"line":26,"column":2},"end":{"line":26,"column":14}},"loc":{"start":{"line":34,"column":17},"end":{"line":42,"column":3}}}},"branchMap":{},"s":{"0":40,"1":40,"2":40,"3":40,"4":40,"5":40,"6":40,"7":1},"f":{"0":40},"b":{}}
,"/home/yxd/projects/nest/apexglobal-technical-test/src/infrastructure/database/models/product.model.ts": {"path":"/home/yxd/projects/nest/apexglobal-technical-test/src/infrastructure/database/models/product.model.ts","statementMap":{"0":{"start":{"line":1,"column":0},"end":{"line":1,"column":44}},"1":{"start":{"line":3,"column":13},"end":{"line":37,"column":2}}},"fnMap":{},"branchMap":{},"s":{"0":1,"1":1},"f":{},"b":{}}
,"/home/yxd/projects/nest/apexglobal-technical-test/src/infrastructure/database/repositories/product.repository.impl.ts": {"path":"/home/yxd/projects/nest/apexglobal-technical-test/src/infrastructure/database/repositories/product.repository.impl.ts","statementMap":{"0":{"start":{"line":1,"column":0},"end":{"line":1,"column":44}},"1":{"start":{"line":2,"column":0},"end":{"line":2,"column":47}},"2":{"start":{"line":3,"column":0},"end":{"line":3,"column":33}},"3":{"start":{"line":5,"column":0},"end":{"line":5,"column":58}},"4":{"start":{"line":11,"column":7},"end":{"line":72,"column":null}},"5":{"start":{"line":14,"column":21},"end":{"line":14,"column":35}},"6":{"start":{"line":18,"column":27},"end":{"line":18,"column":57}},"7":{"start":{"line":19,"column":25},"end":{"line":19,"column":52}},"8":{"start":{"line":20,"column":4},"end":{"line":20,"column":39}},"9":{"start":{"line":26,"column":27},"end":{"line":26,"column":47}},"10":{"start":{"line":27,"column":21},"end":{"line":30,"column":13}},"11":{"start":{"line":31,"column":4},"end":{"line":31,"column":39}},"12":{"start":{"line":35,"column":20},"end":{"line":38,"column":6}},"13":{"start":{"line":39,"column":4},"end":{"line":39,"column":51}},"14":{"start":{"line":46,"column":27},"end":{"line":49,"column":null}},"15":{"start":{"line":51,"column":4},"end":{"line":51,"column":41}},"16":{"start":{"line":55,"column":4},"end":{"line":58,"column":6}},"17":{"start":{"line":62,"column":4},"end":{"line":70,"column":7}},"18":{"start":{"line":11,"column":13},"end":{"line":11,"column":34}},"19":{"start":{"line":11,"column":13},"end":{"line":72,"column":null}}},"fnMap":{"0":{"name":"(anonymous_4)","decl":{"start":{"line":12,"column":2},"end":{"line":12,"column":null}},"loc":{"start":{"line":14,"column":57},"end":{"line":15,"column":6}}},"1":{"name":"(anonymous_5)","decl":{"start":{"line":17,"column":2},"end":{"line":17,"column":7}},"loc":{"start":{"line":17,"column":31},"end":{"line":21,"column":3}}},"2":{"name":"(anonymous_6)","decl":{"start":{"line":23,"column":2},"end":{"line":23,"column":7}},"loc":{"start":{"line":24,"column":46},"end":{"line":32,"column":3}}},"3":{"name":"(anonymous_7)","decl":{"start":{"line":34,"column":2},"end":{"line":34,"column":7}},"loc":{"start":{"line":34,"column":33},"end":{"line":40,"column":3}}},"4":{"name":"(anonymous_8)","decl":{"start":{"line":42,"column":2},"end":{"line":42,"column":7}},"loc":{"start":{"line":44,"column":29},"end":{"line":52,"column":3}}},"5":{"name":"(anonymous_9)","decl":{"start":{"line":54,"column":2},"end":{"line":54,"column":7}},"loc":{"start":{"line":54,"column":32},"end":{"line":59,"column":3}}},"6":{"name":"(anonymous_10)","decl":{"start":{"line":61,"column":10},"end":{"line":61,"column":18}},"loc":{"start":{"line":61,"column":39},"end":{"line":71,"column":3}}}},"branchMap":{"0":{"loc":{"start":{"line":39,"column":11},"end":{"line":39,"column":50}},"type":"cond-expr","locations":[{"start":{"line":39,"column":21},"end":{"line":39,"column":43}},{"start":{"line":39,"column":46},"end":{"line":39,"column":50}}]}},"s":{"0":1,"1":1,"2":1,"3":1,"4":1,"5":14,"6":15,"7":15,"8":15,"9":2,"10":2,"11":2,"12":22,"13":22,"14":1,"15":1,"16":1,"17":25,"18":1,"19":1},"f":{"0":14,"1":15,"2":2,"3":22,"4":1,"5":1,"6":25},"b":{"0":[4,18]}}
,"/home/yxd/projects/nest/apexglobal-technical-test/src/infrastructure/http/controllers/products.controller.ts": {"path":"/home/yxd/projects/nest/apexglobal-technical-test/src/infrastructure/http/controllers/products.controller.ts","statementMap":{"0":{"start":{"line":1,"column":0},"end":{"line":1,"column":null}},"1":{"start":{"line":13,"column":0},"end":{"line":13,"column":null}},"2":{"start":{"line":21,"column":0},"end":{"line":21,"column":73}},"3":{"start":{"line":22,"column":0},"end":{"line":22,"column":58}},"4":{"start":{"line":23,"column":0},"end":{"line":23,"column":null}},"5":{"start":{"line":27,"column":0},"end":{"line":27,"column":92}},"6":{"start":{"line":28,"column":0},"end":{"line":28,"column":98}},"7":{"start":{"line":29,"column":0},"end":{"line":29,"column":null}},"8":{"start":{"line":35,"column":0},"end":{"line":35,"column":88}},"9":{"start":{"line":36,"column":0},"end":{"line":36,"column":96}},"10":{"start":{"line":37,"column":0},"end":{"line":37,"column":88}},"11":{"start":{"line":40,"column":7},"end":{"line":110,"column":null}},"12":{"start":{"line":41,"column":31},"end":{"line":41,"column":47}},"13":{"start":{"line":48,"column":23},"end":{"line":49,"column":null}},"14":{"start":{"line":51,"column":4},"end":{"line":55,"column":5}},"15":{"start":{"line":52,"column":6},"end":{"line":54,"column":8}},"16":{"start":{"line":56,"column":20},"end":{"line":64,"column":6}},"17":{"start":{"line":65,"column":4},"end":{"line":65,"column":47}},"18":{"start":{"line":71,"column":4},"end":{"line":71,"column":61}},"19":{"start":{"line":78,"column":20},"end":{"line":78,"column":57}},"20":{"start":{"line":79,"column":4},"end":{"line":81,"column":5}},"21":{"start":{"line":80,"column":6},"end":{"line":80,"column":69}},"22":{"start":{"line":82,"column":4},"end":{"line":82,"column":19}},"23":{"start":{"line":93,"column":20},"end":{"line":93,"column":57}},"24":{"start":{"line":94,"column":4},"end":{"line":96,"column":5}},"25":{"start":{"line":95,"column":6},"end":{"line":95,"column":69}},"26":{"start":{"line":97,"column":4},"end":{"line":97,"column":60}},"27":{"start":{"line":104,"column":20},"end":{"line":104,"column":57}},"28":{"start":{"line":105,"column":4},"end":{"line":107,"column":5}},"29":{"start":{"line":106,"column":6},"end":{"line":106,"column":69}},"30":{"start":{"line":108,"column":4},"end":{"line":108,"column":42}},"31":{"start":{"line":40,"column":13},"end":{"line":40,"column":31}},"32":{"start":{"line":47,"column":8},"end":{"line":66,"column":null}},"33":{"start":{"line":70,"column":8},"end":{"line":72,"column":null}},"34":{"start":{"line":77,"column":8},"end":{"line":83,"column":null}},"35":{"start":{"line":89,"column":8},"end":{"line":98,"column":null}},"36":{"start":{"line":103,"column":8},"end":{"line":109,"column":null}},"37":{"start":{"line":40,"column":13},"end":{"line":110,"column":null}}},"fnMap":{"0":{"name":"(anonymous_4)","decl":{"start":{"line":41,"column":2},"end":{"line":41,"column":31}},"loc":{"start":{"line":41,"column":61},"end":{"line":41,"column":65}}},"1":{"name":"(anonymous_5)","decl":{"start":{"line":47,"column":2},"end":{"line":47,"column":7}},"loc":{"start":{"line":47,"column":57},"end":{"line":66,"column":3}}},"2":{"name":"(anonymous_6)","decl":{"start":{"line":70,"column":2},"end":{"line":70,"column":7}},"loc":{"start":{"line":70,"column":67},"end":{"line":72,"column":3}}},"3":{"name":"(anonymous_7)","decl":{"start":{"line":77,"column":2},"end":{"line":77,"column":7}},"loc":{"start":{"line":77,"column":39},"end":{"line":83,"column":3}}},"4":{"name":"(anonymous_8)","decl":{"start":{"line":89,"column":2},"end":{"line":89,"column":7}},"loc":{"start":{"line":91,"column":46},"end":{"line":98,"column":3}}},"5":{"name":"(anonymous_9)","decl":{"start":{"line":103,"column":2},"end":{"line":103,"column":7}},"loc":{"start":{"line":103,"column":38},"end":{"line":109,"column":3}}}},"branchMap":{"0":{"loc":{"start":{"line":51,"column":4},"end":{"line":55,"column":5}},"type":"if","locations":[{"start":{"line":51,"column":4},"end":{"line":55,"column":5}}]},"1":{"loc":{"start":{"line":79,"column":4},"end":{"line":81,"column":5}},"type":"if","locations":[{"start":{"line":79,"column":4},"end":{"line":81,"column":5}}]},"2":{"loc":{"start":{"line":94,"column":4},"end":{"line":96,"column":5}},"type":"if","locations":[{"start":{"line":94,"column":4},"end":{"line":96,"column":5}}]},"3":{"loc":{"start":{"line":105,"column":4},"end":{"line":107,"column":5}},"type":"if","locations":[{"start":{"line":105,"column":4},"end":{"line":107,"column":5}}]}},"s":{"0":1,"1":1,"2":1,"3":1,"4":1,"5":1,"6":1,"7":1,"8":1,"9":1,"10":1,"11":1,"12":14,"13":16,"14":16,"15":1,"16":15,"17":15,"18":2,"19":2,"20":2,"21":1,"22":1,"23":2,"24":2,"25":1,"26":1,"27":2,"28":2,"29":1,"30":1,"31":1,"32":1,"33":1,"34":1,"35":1,"36":1,"37":1},"f":{"0":14,"1":16,"2":2,"3":2,"4":2,"5":2},"b":{"0":[1],"1":[1],"2":[1],"3":[1]}}
,"/home/yxd/projects/nest/apexglobal-technical-test/src/infrastructure/http/docs/product/bad-request.schema.ts": {"path":"/home/yxd/projects/nest/apexglobal-technical-test/src/infrastructure/http/docs/product/bad-request.schema.ts","statementMap":{"0":{"start":{"line":3,"column":13},"end":{"line":60,"column":2}},"1":{"start":{"line":62,"column":13},"end":{"line":95,"column":2}}},"fnMap":{},"branchMap":{},"s":{"0":1,"1":1},"f":{},"b":{}}
,"/home/yxd/projects/nest/apexglobal-technical-test/src/infrastructure/http/docs/product/created.schema.ts": {"path":"/home/yxd/projects/nest/apexglobal-technical-test/src/infrastructure/http/docs/product/created.schema.ts","statementMap":{"0":{"start":{"line":3,"column":13},"end":{"line":32,"column":2}}},"fnMap":{},"branchMap":{},"s":{"0":1},"f":{},"b":{}}
,"/home/yxd/projects/nest/apexglobal-technical-test/src/infrastructure/http/docs/product/not-found.schema.ts": {"path":"/home/yxd/projects/nest/apexglobal-technical-test/src/infrastructure/http/docs/product/not-found.schema.ts","statementMap":{"0":{"start":{"line":1,"column":13},"end":{"line":22,"column":2}}},"fnMap":{},"branchMap":{},"s":{"0":1},"f":{},"b":{}}
,"/home/yxd/projects/nest/apexglobal-technical-test/src/infrastructure/http/docs/product/ok.schema.ts": {"path":"/home/yxd/projects/nest/apexglobal-technical-test/src/infrastructure/http/docs/product/ok.schema.ts","statementMap":{"0":{"start":{"line":3,"column":13},"end":{"line":32,"column":2}},"1":{"start":{"line":34,"column":13},"end":{"line":74,"column":2}},"2":{"start":{"line":76,"column":13},"end":{"line":105,"column":2}},"3":{"start":{"line":107,"column":13},"end":{"line":128,"column":2}}},"fnMap":{},"branchMap":{},"s":{"0":1,"1":1,"2":1,"3":1},"f":{},"b":{}}
,"/home/yxd/projects/nest/apexglobal-technical-test/src/infrastructure/http/dto/products/create-product.dto.ts": {"path":"/home/yxd/projects/nest/apexglobal-technical-test/src/infrastructure/http/dto/products/create-product.dto.ts","statementMap":{"0":{"start":{"line":1,"column":0},"end":{"line":1,"column":46}},"1":{"start":{"line":2,"column":0},"end":{"line":2,"column":null}},"2":{"start":{"line":10,"column":0},"end":{"line":10,"column":13}},"3":{"start":{"line":14,"column":2},"end":{"line":14,"column":null}},"4":{"start":{"line":19,"column":2},"end":{"line":19,"column":null}},"5":{"start":{"line":23,"column":2},"end":{"line":23,"column":null}},"6":{"start":{"line":29,"column":2},"end":{"line":29,"column":null}},"7":{"start":{"line":35,"column":2},"end":{"line":35,"column":null}}},"fnMap":{},"branchMap":{},"s":{"0":1,"1":1,"2":1,"3":1,"4":1,"5":1,"6":1,"7":1},"f":{},"b":{}}
,"/home/yxd/projects/nest/apexglobal-technical-test/src/infrastructure/http/dto/products/product-pagination.dto.ts": {"path":"/home/yxd/projects/nest/apexglobal-technical-test/src/infrastructure/http/dto/products/product-pagination.dto.ts","statementMap":{"0":{"start":{"line":1,"column":0},"end":{"line":1,"column":46}},"1":{"start":{"line":2,"column":0},"end":{"line":2,"column":41}},"2":{"start":{"line":3,"column":0},"end":{"line":3,"column":72}},"3":{"start":{"line":15,"column":2},"end":{"line":15,"column":19}},"4":{"start":{"line":25,"column":2},"end":{"line":25,"column":20}},"5":{"start":{"line":5,"column":0},"end":{"line":5,"column":13}},"6":{"start":{"line":15,"column":2},"end":{"line":15,"column":null}},"7":{"start":{"line":10,"column":14},"end":{"line":10,"column":20}},"8":{"start":{"line":25,"column":2},"end":{"line":25,"column":null}},"9":{"start":{"line":21,"column":14},"end":{"line":21,"column":20}}},"fnMap":{"0":{"name":"(anonymous_2)","decl":{"start":{"line":5,"column":0},"end":{"line":5,"column":13}},"loc":{"start":{"line":5,"column":0},"end":{"line":26,"column":1}}},"1":{"name":"(anonymous_3)","decl":{"start":{"line":10,"column":8},"end":{"line":10,"column":11}},"loc":{"start":{"line":10,"column":14},"end":{"line":10,"column":20}}},"2":{"name":"(anonymous_4)","decl":{"start":{"line":21,"column":8},"end":{"line":21,"column":11}},"loc":{"start":{"line":21,"column":14},"end":{"line":21,"column":20}}}},"branchMap":{},"s":{"0":1,"1":1,"2":1,"3":6,"4":6,"5":1,"6":1,"7":3,"8":1,"9":3},"f":{"0":6,"1":3,"2":3},"b":{}}
,"/home/yxd/projects/nest/apexglobal-technical-test/src/infrastructure/http/dto/products/update-product.dto.ts": {"path":"/home/yxd/projects/nest/apexglobal-technical-test/src/infrastructure/http/dto/products/update-product.dto.ts","statementMap":{"0":{"start":{"line":1,"column":0},"end":{"line":1,"column":46}},"1":{"start":{"line":3,"column":0},"end":{"line":3,"column":56}},"2":{"start":{"line":5,"column":0},"end":{"line":5,"column":13}}},"fnMap":{},"branchMap":{},"s":{"0":1,"1":1,"2":1},"f":{},"b":{}}
,"/home/yxd/projects/nest/apexglobal-technical-test/src/infrastructure/modules/products.module.ts": {"path":"/home/yxd/projects/nest/apexglobal-technical-test/src/infrastructure/modules/products.module.ts","statementMap":{"0":{"start":{"line":1,"column":0},"end":{"line":1,"column":40}},"1":{"start":{"line":2,"column":0},"end":{"line":2,"column":50}},"2":{"start":{"line":4,"column":0},"end":{"line":4,"column":73}},"3":{"start":{"line":5,"column":0},"end":{"line":5,"column":78}},"4":{"start":{"line":6,"column":0},"end":{"line":6,"column":102}},"5":{"start":{"line":7,"column":0},"end":{"line":7,"column":90}},"6":{"start":{"line":22,"column":7},"end":{"line":22,"column":null}},"7":{"start":{"line":22,"column":13},"end":{"line":22,"column":27}},"8":{"start":{"line":22,"column":13},"end":{"line":22,"column":null}}},"fnMap":{},"branchMap":{},"s":{"0":1,"1":1,"2":1,"3":1,"4":1,"5":1,"6":1,"7":1,"8":1},"f":{},"b":{}}
}
