TN:
SF:src/application/use-cases/product.use-case.ts
FN:9,(anonymous_4)
FN:14,(anonymous_5)
FN:18,(anonymous_6)
FN:24,(anonymous_7)
FN:28,(anonymous_8)
FN:35,(anonymous_9)
FNF:6
FNH:6
FNDA:14,(anonymous_4)
FNDA:15,(anonymous_5)
FNDA:2,(anonymous_6)
FNDA:22,(anonymous_7)
FNDA:1,(anonymous_8)
FNDA:1,(anonymous_9)
DA:1,1
DA:8,1
DA:11,14
DA:15,15
DA:21,2
DA:25,22
DA:32,1
DA:36,1
LF:8
LH:8
BRF:0
BRH:0
end_of_record
TN:
SF:src/domain/entities/product.entity.ts
FN:26,(anonymous_0)
FNF:1
FNH:1
FNDA:40,(anonymous_0)
DA:11,1
DA:35,40
DA:36,40
DA:37,40
DA:38,40
DA:39,40
DA:40,40
DA:41,40
LF:8
LH:8
BRF:0
BRH:0
end_of_record
TN:
SF:src/infrastructure/database/models/product.model.ts
FNF:0
FNH:0
DA:1,1
DA:3,1
LF:2
LH:2
BRF:0
BRH:0
end_of_record
TN:
SF:src/infrastructure/database/repositories/product.repository.impl.ts
FN:12,(anonymous_4)
FN:17,(anonymous_5)
FN:23,(anonymous_6)
FN:34,(anonymous_7)
FN:42,(anonymous_8)
FN:54,(anonymous_9)
FN:61,(anonymous_10)
FNF:7
FNH:7
FNDA:14,(anonymous_4)
FNDA:15,(anonymous_5)
FNDA:2,(anonymous_6)
FNDA:22,(anonymous_7)
FNDA:1,(anonymous_8)
FNDA:1,(anonymous_9)
FNDA:25,(anonymous_10)
DA:1,1
DA:2,1
DA:3,1
DA:5,1
DA:11,1
DA:14,14
DA:18,15
DA:19,15
DA:20,15
DA:26,2
DA:27,2
DA:31,2
DA:35,22
DA:39,22
DA:46,1
DA:51,1
DA:55,1
DA:62,25
LF:18
LH:18
BRDA:39,0,0,4
BRDA:39,0,1,18
BRF:2
BRH:2
end_of_record
TN:
SF:src/infrastructure/http/controllers/products.controller.ts
FN:41,(anonymous_4)
FN:47,(anonymous_5)
FN:70,(anonymous_6)
FN:77,(anonymous_7)
FN:89,(anonymous_8)
FN:103,(anonymous_9)
FNF:6
FNH:6
FNDA:14,(anonymous_4)
FNDA:16,(anonymous_5)
FNDA:2,(anonymous_6)
FNDA:2,(anonymous_7)
FNDA:2,(anonymous_8)
FNDA:2,(anonymous_9)
DA:1,1
DA:13,1
DA:21,1
DA:22,1
DA:23,1
DA:27,1
DA:28,1
DA:29,1
DA:35,1
DA:36,1
DA:37,1
DA:40,1
DA:41,14
DA:47,1
DA:48,16
DA:51,16
DA:52,1
DA:56,15
DA:65,15
DA:70,1
DA:71,2
DA:77,1
DA:78,2
DA:79,2
DA:80,1
DA:82,1
DA:89,1
DA:93,2
DA:94,2
DA:95,1
DA:97,1
DA:103,1
DA:104,2
DA:105,2
DA:106,1
DA:108,1
LF:36
LH:36
BRDA:51,0,0,1
BRDA:79,1,0,1
BRDA:94,2,0,1
BRDA:105,3,0,1
BRF:4
BRH:4
end_of_record
TN:
SF:src/infrastructure/http/docs/product/bad-request.schema.ts
FNF:0
FNH:0
DA:3,1
DA:62,1
LF:2
LH:2
BRF:0
BRH:0
end_of_record
TN:
SF:src/infrastructure/http/docs/product/created.schema.ts
FNF:0
FNH:0
DA:3,1
LF:1
LH:1
BRF:0
BRH:0
end_of_record
TN:
SF:src/infrastructure/http/docs/product/not-found.schema.ts
FNF:0
FNH:0
DA:1,1
LF:1
LH:1
BRF:0
BRH:0
end_of_record
TN:
SF:src/infrastructure/http/docs/product/ok.schema.ts
FNF:0
FNH:0
DA:3,1
DA:34,1
DA:76,1
DA:107,1
LF:4
LH:4
BRF:0
BRH:0
end_of_record
TN:
SF:src/infrastructure/http/dto/products/create-product.dto.ts
FNF:0
FNH:0
DA:1,1
DA:2,1
DA:10,1
DA:14,1
DA:19,1
DA:23,1
DA:29,1
DA:35,1
LF:8
LH:8
BRF:0
BRH:0
end_of_record
TN:
SF:src/infrastructure/http/dto/products/product-pagination.dto.ts
FN:5,(anonymous_2)
FN:10,(anonymous_3)
FN:21,(anonymous_4)
FNF:3
FNH:3
FNDA:6,(anonymous_2)
FNDA:3,(anonymous_3)
FNDA:3,(anonymous_4)
DA:1,1
DA:2,1
DA:3,1
DA:5,1
DA:10,3
DA:15,6
DA:21,3
DA:25,6
LF:8
LH:8
BRF:0
BRH:0
end_of_record
TN:
SF:src/infrastructure/http/dto/products/update-product.dto.ts
FNF:0
FNH:0
DA:1,1
DA:3,1
DA:5,1
LF:3
LH:3
BRF:0
BRH:0
end_of_record
TN:
SF:src/infrastructure/modules/products.module.ts
FNF:0
FNH:0
DA:1,1
DA:2,1
DA:4,1
DA:5,1
DA:6,1
DA:7,1
DA:22,1
LF:7
LH:7
BRF:0
BRH:0
end_of_record
