<?xml version="1.0" encoding="UTF-8"?>
<coverage generated="1736559662745" clover="3.2.0">
  <project timestamp="1736559662746" name="All files">
    <metrics statements="91" coveredstatements="91" conditionals="6" coveredconditionals="6" methods="23" coveredmethods="23" elements="120" coveredelements="120" complexity="0" loc="91" ncloc="91" packages="6" files="9" classes="9"/>
    <package name="application.use-cases">
      <metrics statements="8" coveredstatements="8" conditionals="0" coveredconditionals="0" methods="6" coveredmethods="6"/>
      <file name="product.use-case.ts" path="/home/yxd/projects/nest/apexglobal-technical-test/src/application/use-cases/product.use-case.ts">
        <metrics statements="8" coveredstatements="8" conditionals="0" coveredconditionals="0" methods="6" coveredmethods="6"/>
        <line num="4" count="2" type="stmt"/>
        <line num="6" count="2" type="stmt"/>
        <line num="8" count="32" type="stmt"/>
        <line num="12" count="3" type="stmt"/>
        <line num="16" count="10" type="stmt"/>
        <line num="20" count="10" type="stmt"/>
        <line num="24" count="3" type="stmt"/>
        <line num="28" count="3" type="stmt"/>
      </file>
    </package>
    <package name="domain.entities">
      <metrics statements="8" coveredstatements="8" conditionals="0" coveredconditionals="0" methods="1" coveredmethods="1"/>
      <file name="product.entity.ts" path="/home/yxd/projects/nest/apexglobal-technical-test/src/domain/entities/product.entity.ts">
        <metrics statements="8" coveredstatements="8" conditionals="0" coveredconditionals="0" methods="1" coveredmethods="1"/>
        <line num="11" count="1" type="stmt"/>
        <line num="23" count="48" type="stmt"/>
        <line num="24" count="48" type="stmt"/>
        <line num="25" count="48" type="stmt"/>
        <line num="26" count="48" type="stmt"/>
        <line num="27" count="48" type="stmt"/>
        <line num="28" count="48" type="stmt"/>
        <line num="29" count="48" type="stmt"/>
      </file>
    </package>
    <package name="infrastructure.database.repositories">
      <metrics statements="18" coveredstatements="18" conditionals="2" coveredconditionals="2" methods="7" coveredmethods="7"/>
      <file name="product.repository.impl.ts" path="/home/yxd/projects/nest/apexglobal-technical-test/src/infrastructure/database/repositories/product.repository.impl.ts">
        <metrics statements="18" coveredstatements="18" conditionals="2" coveredconditionals="2" methods="7" coveredmethods="7"/>
        <line num="1" count="1" type="stmt"/>
        <line num="2" count="1" type="stmt"/>
        <line num="3" count="1" type="stmt"/>
        <line num="4" count="1" type="stmt"/>
        <line num="10" count="1" type="stmt"/>
        <line num="11" count="19" type="stmt"/>
        <line num="14" count="1" type="stmt"/>
        <line num="15" count="1" type="stmt"/>
        <line num="16" count="1" type="stmt"/>
        <line num="20" count="5" type="stmt"/>
        <line num="21" count="5" type="stmt"/>
        <line num="22" count="5" type="stmt"/>
        <line num="26" count="8" type="stmt"/>
        <line num="27" count="8" type="cond" truecount="2" falsecount="0"/>
        <line num="31" count="1" type="stmt"/>
        <line num="34" count="1" type="stmt"/>
        <line num="38" count="1" type="stmt"/>
        <line num="42" count="47" type="stmt"/>
      </file>
    </package>
    <package name="infrastructure.http.controllers">
      <metrics statements="34" coveredstatements="34" conditionals="4" coveredconditionals="4" methods="6" coveredmethods="6"/>
      <file name="products.controller.ts" path="/home/yxd/projects/nest/apexglobal-technical-test/src/infrastructure/http/controllers/products.controller.ts">
        <metrics statements="34" coveredstatements="34" conditionals="4" coveredconditionals="4" methods="6" coveredmethods="6"/>
        <line num="1" count="1" type="stmt"/>
        <line num="2" count="1" type="stmt"/>
        <line num="3" count="1" type="stmt"/>
        <line num="4" count="1" type="stmt"/>
        <line num="5" count="1" type="stmt"/>
        <line num="6" count="1" type="stmt"/>
        <line num="7" count="1" type="stmt"/>
        <line num="8" count="1" type="stmt"/>
        <line num="9" count="1" type="stmt"/>
        <line num="12" count="1" type="stmt"/>
        <line num="14" count="19" type="stmt"/>
        <line num="21" count="1" type="stmt"/>
        <line num="22" count="2" type="stmt"/>
        <line num="23" count="2" type="cond" truecount="1" falsecount="0"/>
        <line num="24" count="1" type="stmt"/>
        <line num="26" count="1" type="stmt"/>
        <line num="35" count="1" type="stmt"/>
        <line num="40" count="1" type="stmt"/>
        <line num="41" count="5" type="stmt"/>
        <line num="47" count="1" type="stmt"/>
        <line num="48" count="2" type="stmt"/>
        <line num="49" count="2" type="cond" truecount="1" falsecount="0"/>
        <line num="50" count="1" type="stmt"/>
        <line num="52" count="1" type="stmt"/>
        <line num="59" count="1" type="stmt"/>
        <line num="60" count="2" type="stmt"/>
        <line num="61" count="2" type="cond" truecount="1" falsecount="0"/>
        <line num="62" count="1" type="stmt"/>
        <line num="64" count="1" type="stmt"/>
        <line num="70" count="1" type="stmt"/>
        <line num="71" count="2" type="stmt"/>
        <line num="72" count="2" type="cond" truecount="1" falsecount="0"/>
        <line num="73" count="1" type="stmt"/>
        <line num="75" count="1" type="stmt"/>
      </file>
    </package>
    <package name="infrastructure.http.docs.product">
      <metrics statements="8" coveredstatements="8" conditionals="0" coveredconditionals="0" methods="0" coveredmethods="0"/>
      <file name="bad-request.schema.ts" path="/home/yxd/projects/nest/apexglobal-technical-test/src/infrastructure/http/docs/product/bad-request.schema.ts">
        <metrics statements="2" coveredstatements="2" conditionals="0" coveredconditionals="0" methods="0" coveredmethods="0"/>
        <line num="3" count="1" type="stmt"/>
        <line num="49" count="1" type="stmt"/>
      </file>
      <file name="created.schema.ts" path="/home/yxd/projects/nest/apexglobal-technical-test/src/infrastructure/http/docs/product/created.schema.ts">
        <metrics statements="1" coveredstatements="1" conditionals="0" coveredconditionals="0" methods="0" coveredmethods="0"/>
        <line num="3" count="1" type="stmt"/>
      </file>
      <file name="not-found.schema.ts" path="/home/yxd/projects/nest/apexglobal-technical-test/src/infrastructure/http/docs/product/not-found.schema.ts">
        <metrics statements="1" coveredstatements="1" conditionals="0" coveredconditionals="0" methods="0" coveredmethods="0"/>
        <line num="1" count="1" type="stmt"/>
      </file>
      <file name="ok.schema.ts" path="/home/yxd/projects/nest/apexglobal-technical-test/src/infrastructure/http/docs/product/ok.schema.ts">
        <metrics statements="4" coveredstatements="4" conditionals="0" coveredconditionals="0" methods="0" coveredmethods="0"/>
        <line num="3" count="1" type="stmt"/>
        <line num="34" count="1" type="stmt"/>
        <line num="76" count="1" type="stmt"/>
        <line num="107" count="1" type="stmt"/>
      </file>
    </package>
    <package name="infrastructure.http.dto">
      <metrics statements="15" coveredstatements="15" conditionals="0" coveredconditionals="0" methods="3" coveredmethods="3"/>
      <file name="product.dto.ts" path="/home/yxd/projects/nest/apexglobal-technical-test/src/infrastructure/http/dto/product.dto.ts">
        <metrics statements="15" coveredstatements="15" conditionals="0" coveredconditionals="0" methods="3" coveredmethods="3"/>
        <line num="1" count="1" type="stmt"/>
        <line num="2" count="1" type="stmt"/>
        <line num="3" count="1" type="stmt"/>
        <line num="5" count="1" type="stmt"/>
        <line num="9" count="1" type="stmt"/>
        <line num="14" count="1" type="stmt"/>
        <line num="18" count="1" type="stmt"/>
        <line num="24" count="1" type="stmt"/>
        <line num="30" count="1" type="stmt"/>
        <line num="33" count="1" type="stmt"/>
        <line num="35" count="1" type="stmt"/>
        <line num="44" count="3" type="stmt"/>
        <line num="45" count="6" type="stmt"/>
        <line num="54" count="3" type="stmt"/>
        <line num="55" count="6" type="stmt"/>
      </file>
    </package>
  </project>
</coverage>
