{"/home/yxd/projects/nest/apexglobal-technical-test/src/application/use-cases/product.use-case.ts": {"path":"/home/yxd/projects/nest/apexglobal-technical-test/src/application/use-cases/product.use-case.ts","statementMap":{"0":{"start":{"line":4,"column":0},"end":{"line":4,"column":40}},"1":{"start":{"line":6,"column":0},"end":{"line":30,"column":null}},"2":{"start":{"line":8,"column":50},"end":{"line":8,"column":86}},"3":{"start":{"line":12,"column":4},"end":{"line":12,"column":50}},"4":{"start":{"line":16,"column":4},"end":{"line":16,"column":64}},"5":{"start":{"line":20,"column":4},"end":{"line":20,"column":53}},"6":{"start":{"line":24,"column":4},"end":{"line":24,"column":61}},"7":{"start":{"line":28,"column":4},"end":{"line":28,"column":52}},"8":{"start":{"line":6,"column":13},"end":{"line":6,"column":27}},"9":{"start":{"line":6,"column":13},"end":{"line":30,"column":null}}},"fnMap":{"0":{"name":"(anonymous_4)","decl":{"start":{"line":7,"column":2},"end":{"line":7,"column":null}},"loc":{"start":{"line":8,"column":86},"end":{"line":9,"column":6}}},"1":{"name":"(anonymous_5)","decl":{"start":{"line":11,"column":2},"end":{"line":11,"column":7}},"loc":{"start":{"line":11,"column":31},"end":{"line":13,"column":3}}},"2":{"name":"(anonymous_6)","decl":{"start":{"line":15,"column":2},"end":{"line":15,"column":7}},"loc":{"start":{"line":15,"column":58},"end":{"line":17,"column":3}}},"3":{"name":"(anonymous_7)","decl":{"start":{"line":19,"column":2},"end":{"line":19,"column":7}},"loc":{"start":{"line":19,"column":33},"end":{"line":21,"column":3}}},"4":{"name":"(anonymous_8)","decl":{"start":{"line":23,"column":2},"end":{"line":23,"column":7}},"loc":{"start":{"line":23,"column":59},"end":{"line":25,"column":3}}},"5":{"name":"(anonymous_9)","decl":{"start":{"line":27,"column":2},"end":{"line":27,"column":7}},"loc":{"start":{"line":27,"column":32},"end":{"line":29,"column":3}}}},"branchMap":{},"s":{"0":2,"1":2,"2":32,"3":3,"4":10,"5":10,"6":3,"7":3,"8":2,"9":2},"f":{"0":32,"1":3,"2":10,"3":10,"4":3,"5":3},"b":{}}
,"/home/yxd/projects/nest/apexglobal-technical-test/src/domain/entities/product.entity.ts": {"path":"/home/yxd/projects/nest/apexglobal-technical-test/src/domain/entities/product.entity.ts","statementMap":{"0":{"start":{"line":23,"column":4},"end":{"line":23,"column":33}},"1":{"start":{"line":24,"column":4},"end":{"line":24,"column":21}},"2":{"start":{"line":25,"column":4},"end":{"line":25,"column":35}},"3":{"start":{"line":26,"column":4},"end":{"line":26,"column":23}},"4":{"start":{"line":27,"column":4},"end":{"line":27,"column":23}},"5":{"start":{"line":28,"column":4},"end":{"line":28,"column":33}},"6":{"start":{"line":29,"column":4},"end":{"line":29,"column":33}},"7":{"start":{"line":11,"column":0},"end":{"line":11,"column":13}}},"fnMap":{"0":{"name":"(anonymous_0)","decl":{"start":{"line":20,"column":2},"end":{"line":20,"column":null}},"loc":{"start":{"line":21,"column":89},"end":{"line":30,"column":3}}}},"branchMap":{},"s":{"0":48,"1":48,"2":48,"3":48,"4":48,"5":48,"6":48,"7":1},"f":{"0":48},"b":{}}
,"/home/yxd/projects/nest/apexglobal-technical-test/src/infrastructure/database/repositories/product.repository.impl.ts": {"path":"/home/yxd/projects/nest/apexglobal-technical-test/src/infrastructure/database/repositories/product.repository.impl.ts","statementMap":{"0":{"start":{"line":1,"column":0},"end":{"line":1,"column":44}},"1":{"start":{"line":2,"column":0},"end":{"line":2,"column":47}},"2":{"start":{"line":3,"column":0},"end":{"line":3,"column":33}},"3":{"start":{"line":4,"column":0},"end":{"line":4,"column":58}},"4":{"start":{"line":10,"column":7},"end":{"line":52,"column":null}},"5":{"start":{"line":11,"column":55},"end":{"line":11,"column":69}},"6":{"start":{"line":14,"column":27},"end":{"line":14,"column":57}},"7":{"start":{"line":15,"column":25},"end":{"line":15,"column":52}},"8":{"start":{"line":16,"column":4},"end":{"line":16,"column":39}},"9":{"start":{"line":20,"column":27},"end":{"line":20,"column":47}},"10":{"start":{"line":21,"column":21},"end":{"line":21,"column":115}},"11":{"start":{"line":22,"column":4},"end":{"line":22,"column":39}},"12":{"start":{"line":26,"column":20},"end":{"line":26,"column":97}},"13":{"start":{"line":27,"column":4},"end":{"line":27,"column":51}},"14":{"start":{"line":31,"column":27},"end":{"line":32,"column":74}},"15":{"start":{"line":34,"column":4},"end":{"line":34,"column":41}},"16":{"start":{"line":38,"column":4},"end":{"line":38,"column":94}},"17":{"start":{"line":42,"column":4},"end":{"line":50,"column":7}},"18":{"start":{"line":10,"column":13},"end":{"line":10,"column":34}},"19":{"start":{"line":10,"column":13},"end":{"line":52,"column":null}}},"fnMap":{"0":{"name":"(anonymous_4)","decl":{"start":{"line":11,"column":2},"end":{"line":11,"column":15}},"loc":{"start":{"line":11,"column":91},"end":{"line":11,"column":95}}},"1":{"name":"(anonymous_5)","decl":{"start":{"line":13,"column":2},"end":{"line":13,"column":7}},"loc":{"start":{"line":13,"column":31},"end":{"line":17,"column":3}}},"2":{"name":"(anonymous_6)","decl":{"start":{"line":19,"column":2},"end":{"line":19,"column":7}},"loc":{"start":{"line":19,"column":59},"end":{"line":23,"column":3}}},"3":{"name":"(anonymous_7)","decl":{"start":{"line":25,"column":2},"end":{"line":25,"column":7}},"loc":{"start":{"line":25,"column":33},"end":{"line":28,"column":3}}},"4":{"name":"(anonymous_8)","decl":{"start":{"line":30,"column":2},"end":{"line":30,"column":7}},"loc":{"start":{"line":30,"column":59},"end":{"line":35,"column":3}}},"5":{"name":"(anonymous_9)","decl":{"start":{"line":37,"column":2},"end":{"line":37,"column":7}},"loc":{"start":{"line":37,"column":32},"end":{"line":39,"column":3}}},"6":{"name":"(anonymous_10)","decl":{"start":{"line":41,"column":10},"end":{"line":41,"column":18}},"loc":{"start":{"line":41,"column":39},"end":{"line":51,"column":3}}}},"branchMap":{"0":{"loc":{"start":{"line":27,"column":11},"end":{"line":27,"column":50}},"type":"cond-expr","locations":[{"start":{"line":27,"column":21},"end":{"line":27,"column":43}},{"start":{"line":27,"column":46},"end":{"line":27,"column":50}}]}},"s":{"0":1,"1":1,"2":1,"3":1,"4":1,"5":19,"6":1,"7":1,"8":1,"9":5,"10":5,"11":5,"12":8,"13":8,"14":1,"15":1,"16":1,"17":47,"18":1,"19":1},"f":{"0":19,"1":1,"2":5,"3":8,"4":1,"5":1,"6":47},"b":{"0":[4,4]}}
,"/home/yxd/projects/nest/apexglobal-technical-test/src/infrastructure/http/controllers/products.controller.ts": {"path":"/home/yxd/projects/nest/apexglobal-technical-test/src/infrastructure/http/controllers/products.controller.ts","statementMap":{"0":{"start":{"line":1,"column":0},"end":{"line":1,"column":130}},"1":{"start":{"line":2,"column":0},"end":{"line":2,"column":58}},"2":{"start":{"line":3,"column":0},"end":{"line":3,"column":112}},"3":{"start":{"line":4,"column":0},"end":{"line":4,"column":73}},"4":{"start":{"line":5,"column":0},"end":{"line":5,"column":121}},"5":{"start":{"line":6,"column":0},"end":{"line":6,"column":92}},"6":{"start":{"line":7,"column":0},"end":{"line":7,"column":129}},"7":{"start":{"line":8,"column":0},"end":{"line":8,"column":160}},"8":{"start":{"line":9,"column":0},"end":{"line":9,"column":98}},"9":{"start":{"line":12,"column":7},"end":{"line":77,"column":null}},"10":{"start":{"line":14,"column":21},"end":{"line":14,"column":37}},"11":{"start":{"line":22,"column":23},"end":{"line":22,"column":85}},"12":{"start":{"line":23,"column":4},"end":{"line":25,"column":5}},"13":{"start":{"line":24,"column":6},"end":{"line":24,"column":101}},"14":{"start":{"line":26,"column":20},"end":{"line":34,"column":6}},"15":{"start":{"line":35,"column":4},"end":{"line":35,"column":47}},"16":{"start":{"line":41,"column":4},"end":{"line":41,"column":61}},"17":{"start":{"line":48,"column":20},"end":{"line":48,"column":57}},"18":{"start":{"line":49,"column":4},"end":{"line":51,"column":5}},"19":{"start":{"line":50,"column":6},"end":{"line":50,"column":69}},"20":{"start":{"line":52,"column":4},"end":{"line":52,"column":19}},"21":{"start":{"line":60,"column":20},"end":{"line":60,"column":57}},"22":{"start":{"line":61,"column":4},"end":{"line":63,"column":5}},"23":{"start":{"line":62,"column":6},"end":{"line":62,"column":69}},"24":{"start":{"line":64,"column":4},"end":{"line":64,"column":60}},"25":{"start":{"line":71,"column":20},"end":{"line":71,"column":57}},"26":{"start":{"line":72,"column":4},"end":{"line":74,"column":5}},"27":{"start":{"line":73,"column":6},"end":{"line":73,"column":69}},"28":{"start":{"line":75,"column":4},"end":{"line":75,"column":42}},"29":{"start":{"line":12,"column":13},"end":{"line":12,"column":31}},"30":{"start":{"line":21,"column":8},"end":{"line":36,"column":null}},"31":{"start":{"line":40,"column":8},"end":{"line":42,"column":null}},"32":{"start":{"line":47,"column":8},"end":{"line":53,"column":null}},"33":{"start":{"line":59,"column":8},"end":{"line":65,"column":null}},"34":{"start":{"line":70,"column":8},"end":{"line":76,"column":null}},"35":{"start":{"line":12,"column":13},"end":{"line":77,"column":null}}},"fnMap":{"0":{"name":"(anonymous_4)","decl":{"start":{"line":13,"column":2},"end":{"line":13,"column":null}},"loc":{"start":{"line":14,"column":51},"end":{"line":15,"column":6}}},"1":{"name":"(anonymous_5)","decl":{"start":{"line":21,"column":2},"end":{"line":21,"column":7}},"loc":{"start":{"line":21,"column":57},"end":{"line":36,"column":3}}},"2":{"name":"(anonymous_6)","decl":{"start":{"line":40,"column":2},"end":{"line":40,"column":7}},"loc":{"start":{"line":40,"column":67},"end":{"line":42,"column":3}}},"3":{"name":"(anonymous_7)","decl":{"start":{"line":47,"column":2},"end":{"line":47,"column":7}},"loc":{"start":{"line":47,"column":39},"end":{"line":53,"column":3}}},"4":{"name":"(anonymous_8)","decl":{"start":{"line":59,"column":2},"end":{"line":59,"column":7}},"loc":{"start":{"line":59,"column":82},"end":{"line":65,"column":3}}},"5":{"name":"(anonymous_9)","decl":{"start":{"line":70,"column":2},"end":{"line":70,"column":7}},"loc":{"start":{"line":70,"column":38},"end":{"line":76,"column":3}}}},"branchMap":{"0":{"loc":{"start":{"line":23,"column":4},"end":{"line":25,"column":5}},"type":"if","locations":[{"start":{"line":23,"column":4},"end":{"line":25,"column":5}}]},"1":{"loc":{"start":{"line":49,"column":4},"end":{"line":51,"column":5}},"type":"if","locations":[{"start":{"line":49,"column":4},"end":{"line":51,"column":5}}]},"2":{"loc":{"start":{"line":61,"column":4},"end":{"line":63,"column":5}},"type":"if","locations":[{"start":{"line":61,"column":4},"end":{"line":63,"column":5}}]},"3":{"loc":{"start":{"line":72,"column":4},"end":{"line":74,"column":5}},"type":"if","locations":[{"start":{"line":72,"column":4},"end":{"line":74,"column":5}}]}},"s":{"0":1,"1":1,"2":1,"3":1,"4":1,"5":1,"6":1,"7":1,"8":1,"9":1,"10":19,"11":2,"12":2,"13":1,"14":1,"15":1,"16":5,"17":2,"18":2,"19":1,"20":1,"21":2,"22":2,"23":1,"24":1,"25":2,"26":2,"27":1,"28":1,"29":1,"30":1,"31":1,"32":1,"33":1,"34":1,"35":1},"f":{"0":19,"1":2,"2":5,"3":2,"4":2,"5":2},"b":{"0":[1],"1":[1],"2":[1],"3":[1]}}
,"/home/yxd/projects/nest/apexglobal-technical-test/src/infrastructure/http/docs/product/bad-request.schema.ts": {"path":"/home/yxd/projects/nest/apexglobal-technical-test/src/infrastructure/http/docs/product/bad-request.schema.ts","statementMap":{"0":{"start":{"line":3,"column":13},"end":{"line":47,"column":2}},"1":{"start":{"line":49,"column":13},"end":{"line":70,"column":2}}},"fnMap":{},"branchMap":{},"s":{"0":1,"1":1},"f":{},"b":{}}
,"/home/yxd/projects/nest/apexglobal-technical-test/src/infrastructure/http/docs/product/created.schema.ts": {"path":"/home/yxd/projects/nest/apexglobal-technical-test/src/infrastructure/http/docs/product/created.schema.ts","statementMap":{"0":{"start":{"line":3,"column":13},"end":{"line":32,"column":2}}},"fnMap":{},"branchMap":{},"s":{"0":1},"f":{},"b":{}}
,"/home/yxd/projects/nest/apexglobal-technical-test/src/infrastructure/http/docs/product/not-found.schema.ts": {"path":"/home/yxd/projects/nest/apexglobal-technical-test/src/infrastructure/http/docs/product/not-found.schema.ts","statementMap":{"0":{"start":{"line":1,"column":13},"end":{"line":22,"column":2}}},"fnMap":{},"branchMap":{},"s":{"0":1},"f":{},"b":{}}
,"/home/yxd/projects/nest/apexglobal-technical-test/src/infrastructure/http/docs/product/ok.schema.ts": {"path":"/home/yxd/projects/nest/apexglobal-technical-test/src/infrastructure/http/docs/product/ok.schema.ts","statementMap":{"0":{"start":{"line":3,"column":13},"end":{"line":32,"column":2}},"1":{"start":{"line":34,"column":13},"end":{"line":74,"column":2}},"2":{"start":{"line":76,"column":13},"end":{"line":105,"column":2}},"3":{"start":{"line":107,"column":13},"end":{"line":128,"column":2}}},"fnMap":{},"branchMap":{},"s":{"0":1,"1":1,"2":1,"3":1},"f":{},"b":{}}
,"/home/yxd/projects/nest/apexglobal-technical-test/src/infrastructure/http/dto/product.dto.ts": {"path":"/home/yxd/projects/nest/apexglobal-technical-test/src/infrastructure/http/dto/product.dto.ts","statementMap":{"0":{"start":{"line":1,"column":0},"end":{"line":1,"column":94}},"1":{"start":{"line":2,"column":0},"end":{"line":2,"column":59}},"2":{"start":{"line":3,"column":0},"end":{"line":3,"column":41}},"3":{"start":{"line":5,"column":0},"end":{"line":5,"column":13}},"4":{"start":{"line":9,"column":2},"end":{"line":9,"column":null}},"5":{"start":{"line":14,"column":2},"end":{"line":14,"column":null}},"6":{"start":{"line":18,"column":2},"end":{"line":18,"column":null}},"7":{"start":{"line":24,"column":2},"end":{"line":24,"column":null}},"8":{"start":{"line":30,"column":2},"end":{"line":30,"column":null}},"9":{"start":{"line":33,"column":0},"end":{"line":33,"column":13}},"10":{"start":{"line":45,"column":2},"end":{"line":45,"column":19}},"11":{"start":{"line":55,"column":2},"end":{"line":55,"column":20}},"12":{"start":{"line":35,"column":0},"end":{"line":35,"column":13}},"13":{"start":{"line":45,"column":2},"end":{"line":45,"column":null}},"14":{"start":{"line":44,"column":14},"end":{"line":44,"column":20}},"15":{"start":{"line":55,"column":2},"end":{"line":55,"column":null}},"16":{"start":{"line":54,"column":14},"end":{"line":54,"column":20}}},"fnMap":{"0":{"name":"(anonymous_2)","decl":{"start":{"line":35,"column":0},"end":{"line":35,"column":13}},"loc":{"start":{"line":35,"column":0},"end":{"line":56,"column":1}}},"1":{"name":"(anonymous_3)","decl":{"start":{"line":44,"column":8},"end":{"line":44,"column":11}},"loc":{"start":{"line":44,"column":14},"end":{"line":44,"column":20}}},"2":{"name":"(anonymous_4)","decl":{"start":{"line":54,"column":8},"end":{"line":54,"column":11}},"loc":{"start":{"line":54,"column":14},"end":{"line":54,"column":20}}}},"branchMap":{},"s":{"0":1,"1":1,"2":1,"3":1,"4":1,"5":1,"6":1,"7":1,"8":1,"9":1,"10":6,"11":6,"12":1,"13":1,"14":3,"15":1,"16":3},"f":{"0":6,"1":3,"2":3},"b":{}}
}
