TN:
SF:src/application/use-cases/product.use-case.ts
FN:7,(anonymous_4)
FN:11,(anonymous_5)
FN:15,(anonymous_6)
FN:19,(anonymous_7)
FN:23,(anonymous_8)
FN:27,(anonymous_9)
FNF:6
FNH:6
FNDA:32,(anonymous_4)
FNDA:3,(anonymous_5)
FNDA:10,(anonymous_6)
FNDA:10,(anonymous_7)
FNDA:3,(anonymous_8)
FNDA:3,(anonymous_9)
DA:4,2
DA:6,2
DA:8,32
DA:12,3
DA:16,10
DA:20,10
DA:24,3
DA:28,3
LF:8
LH:8
BRF:0
BRH:0
end_of_record
TN:
SF:src/domain/entities/product.entity.ts
FN:20,(anonymous_0)
FNF:1
FNH:1
FNDA:48,(anonymous_0)
DA:11,1
DA:23,48
DA:24,48
DA:25,48
DA:26,48
DA:27,48
DA:28,48
DA:29,48
LF:8
LH:8
BRF:0
BRH:0
end_of_record
TN:
SF:src/infrastructure/database/repositories/product.repository.impl.ts
FN:11,(anonymous_4)
FN:13,(anonymous_5)
FN:19,(anonymous_6)
FN:25,(anonymous_7)
FN:30,(anonymous_8)
FN:37,(anonymous_9)
FN:41,(anonymous_10)
FNF:7
FNH:7
FNDA:19,(anonymous_4)
FNDA:1,(anonymous_5)
FNDA:5,(anonymous_6)
FNDA:8,(anonymous_7)
FNDA:1,(anonymous_8)
FNDA:1,(anonymous_9)
FNDA:47,(anonymous_10)
DA:1,1
DA:2,1
DA:3,1
DA:4,1
DA:10,1
DA:11,19
DA:14,1
DA:15,1
DA:16,1
DA:20,5
DA:21,5
DA:22,5
DA:26,8
DA:27,8
DA:31,1
DA:34,1
DA:38,1
DA:42,47
LF:18
LH:18
BRDA:27,0,0,4
BRDA:27,0,1,4
BRF:2
BRH:2
end_of_record
TN:
SF:src/infrastructure/http/controllers/products.controller.ts
FN:13,(anonymous_4)
FN:21,(anonymous_5)
FN:40,(anonymous_6)
FN:47,(anonymous_7)
FN:59,(anonymous_8)
FN:70,(anonymous_9)
FNF:6
FNH:6
FNDA:19,(anonymous_4)
FNDA:2,(anonymous_5)
FNDA:5,(anonymous_6)
FNDA:2,(anonymous_7)
FNDA:2,(anonymous_8)
FNDA:2,(anonymous_9)
DA:1,1
DA:2,1
DA:3,1
DA:4,1
DA:5,1
DA:6,1
DA:7,1
DA:8,1
DA:9,1
DA:12,1
DA:14,19
DA:21,1
DA:22,2
DA:23,2
DA:24,1
DA:26,1
DA:35,1
DA:40,1
DA:41,5
DA:47,1
DA:48,2
DA:49,2
DA:50,1
DA:52,1
DA:59,1
DA:60,2
DA:61,2
DA:62,1
DA:64,1
DA:70,1
DA:71,2
DA:72,2
DA:73,1
DA:75,1
LF:34
LH:34
BRDA:23,0,0,1
BRDA:49,1,0,1
BRDA:61,2,0,1
BRDA:72,3,0,1
BRF:4
BRH:4
end_of_record
TN:
SF:src/infrastructure/http/docs/product/bad-request.schema.ts
FNF:0
FNH:0
DA:3,1
DA:49,1
LF:2
LH:2
BRF:0
BRH:0
end_of_record
TN:
SF:src/infrastructure/http/docs/product/created.schema.ts
FNF:0
FNH:0
DA:3,1
LF:1
LH:1
BRF:0
BRH:0
end_of_record
TN:
SF:src/infrastructure/http/docs/product/not-found.schema.ts
FNF:0
FNH:0
DA:1,1
LF:1
LH:1
BRF:0
BRH:0
end_of_record
TN:
SF:src/infrastructure/http/docs/product/ok.schema.ts
FNF:0
FNH:0
DA:3,1
DA:34,1
DA:76,1
DA:107,1
LF:4
LH:4
BRF:0
BRH:0
end_of_record
TN:
SF:src/infrastructure/http/dto/product.dto.ts
FN:35,(anonymous_2)
FN:44,(anonymous_3)
FN:54,(anonymous_4)
FNF:3
FNH:3
FNDA:6,(anonymous_2)
FNDA:3,(anonymous_3)
FNDA:3,(anonymous_4)
DA:1,1
DA:2,1
DA:3,1
DA:5,1
DA:9,1
DA:14,1
DA:18,1
DA:24,1
DA:30,1
DA:33,1
DA:35,1
DA:44,3
DA:45,6
DA:54,3
DA:55,6
LF:15
LH:15
BRF:0
BRH:0
end_of_record
